0 info it worked if it ends with ok
1 verbose cli [ '/usr/local/bin/node', '/usr/local/bin/npm', 'publish' ]
2 info using npm@3.3.12
3 info using node@v5.3.0
4 verbose publish [ '.' ]
5 silly cache add args [ '.', null ]
6 verbose cache add spec .
7 silly cache add parsed spec Result {
7 silly cache add   raw: '.',
7 silly cache add   scope: null,
7 silly cache add   name: null,
7 silly cache add   rawSpec: '.',
7 silly cache add   spec: '/home/abhinav/Documents/Easypedia',
7 silly cache add   type: 'directory' }
8 verbose addLocalDirectory /home/abhinav/.npm/easypedia/4.0.0/package.tgz not in flight; packing
9 info lifecycle easypedia@4.0.0~prepublish: easypedia@4.0.0
10 silly lifecycle easypedia@4.0.0~prepublish: no script for prepublish, continuing
11 verbose tar pack [ '/home/abhinav/.npm/easypedia/4.0.0/package.tgz',
11 verbose tar pack   '/home/abhinav/Documents/Easypedia' ]
12 verbose tarball /home/abhinav/.npm/easypedia/4.0.0/package.tgz
13 verbose folder /home/abhinav/Documents/Easypedia
14 verbose addLocalTarball adding from inside cache /home/abhinav/.npm/easypedia/4.0.0/package.tgz
15 silly cache afterAdd easypedia@4.0.0
16 verbose afterAdd /home/abhinav/.npm/easypedia/4.0.0/package/package.json not in flight; writing
17 verbose afterAdd /home/abhinav/.npm/easypedia/4.0.0/package/package.json written
18 silly publish { name: 'easypedia',
18 silly publish   version: '4.0.0',
18 silly publish   description: 'Wikipedia minus the headache',
18 silly publish   main: 'main.js',
18 silly publish   scripts: { postpublish: 'git add -A && git commit && git push' },
18 silly publish   repository:
18 silly publish    { type: 'git',
18 silly publish      url: 'git+https://github.com/AbhinavMadahar/Easypedia.git' },
18 silly publish   keywords: [ 'Wikipedia', 'integration' ],
18 silly publish   author: { name: 'Abhinav Madahar' },
18 silly publish   license: 'MIT',
18 silly publish   bugs: { url: 'https://github.com/AbhinavMadahar/Easypedia/issues' },
18 silly publish   homepage: 'https://github.com/AbhinavMadahar/Easypedia',
18 silly publish   dependencies: { langify: '^1.1.0', wtf_wikipedia: '^0.1.11' },
18 silly publish   devDependencies: { gulp: '^3.9.0', 'gulp-coffee': '^2.3.1' },
18 silly publish   readme: '# Easypedia\nEasypedia is a single function that manages redirects, disambiguation, and parsing to pass a clean JSON into a callback. Example use case:\n\n```javascript\nvar easypedia = require("easypedia");\n\nvar searchTerm = "Bernie Sanders";\neasypedia(searchTerm, function(error, page) {\n  if (error)\n    console.log(error);\n  else\n    // do something with the page\n});\n```\n\n## JSON Structure\nThe simple structure of the page is as follows:\n\n```json\nname: "Canada"\nlanguage: "en"\nlinks: [...]\ncontent: {...}\ncategories: [...]\nisRelatedTo: (other) => ...\nrelationTo: (other) => ...\n```\n\n### sections\nThe sections property denotes the an array of sections, such as\n\n```javascript\n{\n\tname: "Intro",\n\tsentences: [...]\n}\n```\nThe sentences are put in an array, with an example sentence being:\n```javascript\n{\n\tcontent: "During the Iron Age, what is now Metropolitan France was inhabited by the Gauls, a Celtic people.",\n\tlinks: [\n\t\t{to: \'Iron Age\', quoted: "Iron Age"},\n\t\t{to: \'Gaul\', quoted: "Gaul"},\n\t\t{to: \'Celts\', quoted: \'Celtic\'}\n\t]\n}\n```\n\n### categories\n`categories` is an array of various categories the page belongs to.\n\n### isRelatedTo and relationTo\nisRelatedTo accepts another page and determines if the 2 are related.\n\nrelationTo finds how closely the 2 pages are related, with a high value being more closely related\n\n## Options\nIf you want to modify the behaviour of Easypedia, pass in an `options` argument in the middle as such:\n\n```javascript\neasypedia(searchTerm, options, callback);\n```\n\nIf you pass an `options` object when using an array of searchTerms, the options are applied to each searchTerm.\n\n### Language\nBy default, Easypedia uses the English Wikipedia. To change this, add a language property along with the language you want. It is clever enough to know what you mean.\n\nFor example, to use the French Wikipedia you could pass in any of the following:\n\n```javascript\nvar options = {language: "French"};\nvar options = {language: "Fr"};\nvar options = {language: "Francais"};\nvar options = {language: "Français"};\n\neasypedia("France", options, console.log);\n```\n\nAlso, the language property is **NOT** case-sensitive.\n',
18 silly publish   readmeFilename: 'README.md',
18 silly publish   gitHead: '8a581c6c314e63c7741d890932010d6c66c341c3',
18 silly publish   _id: 'easypedia@4.0.0',
18 silly publish   _shasum: '010625169357c96efe8886200f33f6e3e00b638e',
18 silly publish   _from: '.' }
19 verbose getPublishConfig undefined
20 silly mapToRegistry name easypedia
21 silly mapToRegistry using default registry
22 silly mapToRegistry registry https://registry.npmjs.org/
23 silly mapToRegistry uri https://registry.npmjs.org/easypedia
24 verbose publish registryBase https://registry.npmjs.org/
25 silly publish uploading /home/abhinav/.npm/easypedia/4.0.0/package.tgz
26 verbose request uri https://registry.npmjs.org/easypedia
27 verbose request sending authorization for write operation
28 info attempt registry request try #1 at 7:58:32 PM
29 verbose request using bearer token for auth
30 verbose request id 12d977a808ce2f62
31 http request PUT https://registry.npmjs.org/easypedia
32 http 403 https://registry.npmjs.org/easypedia
33 verbose headers { 'content-type': 'application/json',
33 verbose headers   'cache-control': 'max-age=300',
33 verbose headers   'content-length': '95',
33 verbose headers   'accept-ranges': 'bytes',
33 verbose headers   date: 'Fri, 29 Jan 2016 00:58:33 GMT',
33 verbose headers   via: '1.1 varnish',
33 verbose headers   connection: 'keep-alive',
33 verbose headers   'x-served-by': 'cache-jfk1035-JFK',
33 verbose headers   'x-cache': 'MISS',
33 verbose headers   'x-cache-hits': '0',
33 verbose headers   'x-timer': 'S1454029112.367684,VS0,VE1216' }
34 verbose request invalidating /home/abhinav/.npm/registry.npmjs.org/easypedia on PUT
35 error publish Failed PUT 403
36 verbose stack Error: "You cannot publish over the previously published version 4.0.0." : easypedia
36 verbose stack     at makeError (/usr/local/lib/node_modules/npm/node_modules/npm-registry-client/lib/request.js:264:12)
36 verbose stack     at CachingRegistryClient.<anonymous> (/usr/local/lib/node_modules/npm/node_modules/npm-registry-client/lib/request.js:252:14)
36 verbose stack     at Request._callback (/usr/local/lib/node_modules/npm/node_modules/npm-registry-client/lib/request.js:172:14)
36 verbose stack     at Request.self.callback (/usr/local/lib/node_modules/npm/node_modules/request/request.js:198:22)
36 verbose stack     at emitTwo (events.js:87:13)
36 verbose stack     at Request.emit (events.js:172:7)
36 verbose stack     at Request.<anonymous> (/usr/local/lib/node_modules/npm/node_modules/request/request.js:1082:10)
36 verbose stack     at emitOne (events.js:82:20)
36 verbose stack     at Request.emit (events.js:169:7)
36 verbose stack     at IncomingMessage.<anonymous> (/usr/local/lib/node_modules/npm/node_modules/request/request.js:1009:12)
37 verbose statusCode 403
38 verbose pkgid easypedia
39 verbose cwd /home/abhinav/Documents/Easypedia
40 error Linux 3.19.0-47-generic
41 error argv "/usr/local/bin/node" "/usr/local/bin/npm" "publish"
42 error node v5.3.0
43 error npm  v3.3.12
44 error code E403
45 error "You cannot publish over the previously published version 4.0.0." : easypedia
46 error If you need help, you may report this error at:
46 error     <https://github.com/npm/npm/issues>
47 verbose exit [ 1, true ]
